Arguments: 
  C:\Program Files\nodejs\node.exe C:\Users\ganes\AppData\Roaming\npm\node_modules\yarn\bin\yarn.js install

PATH: 
  C:\Program Files (x86)\Intel\Intel(R) Management Engine Components\iCLS\;C:\Program Files\Intel\Intel(R) Management Engine Components\iCLS\;C:\Program Files (x86)\Common Files\Oracle\Java\javapath;C:\Python38\Scripts\;C:\Python38\;C:\Windows\system32;C:\Windows;C:\Windows\System32\Wbem;C:\Windows\System32\WindowsPowerShell\v1.0\;C:\Windows\System32\OpenSSH\;C:\Program Files (x86)\Intel\Intel(R) Management Engine Components\DAL;C:\Program Files\Intel\Intel(R) Management Engine Components\DAL;C:\Program Files (x86)\Intel\Intel(R) Management Engine Components\IPT;C:\Program Files\Intel\Intel(R) Management Engine Components\IPT;C:\xampp\php;C:\ProgramData\ComposerSetup\bin;C:\Program Files\Git\cmd;C:\ProgramData\chocolatey\bin;C:\sqlite;C:\Program Files\Redis\;C:\Program Files\Go\bin;C:\Program Files\nodejs\;C:\Users\ganes\AppData\Local\Programs\Python\Python39\Scripts\;C:\Users\ganes\AppData\Local\Programs\Python\Python39\;C:\Ruby27-x64\bin;C:\Users\ganes\AppData\Local\Microsoft\WindowsApps;C:\Users\ganes\AppDat;C:\Users\ganes\AppData\Local\Programs\Python\Python39\Scripts\;C:\Users\ganes\AppData\Local\Programs\Python\Python39\;C:\Ruby27-x64\bin;C:\Users\ganes\AppData\Local\Microsoft\WindowsApps;C:\Users\ganes\AppData\Roaming\Composer\vendor\bin;C:\Users\ganes\AppData\Local\Programs\Microsoft VS Code\bin;C:\Program Files\heroku\bin;C:\sqlite;C:\protoc-gen-go;C:\OC_Client;C:\Program Files (x86)\GnuWin32\bin;C:\protoc\bin;C:\Users\ganes\go\bin;C:\Users\ganes\AppData\Roaming\npm

Yarn version: 
  1.22.10

Node version: 
  16.1.0

Platform: 
  win32 x64

Trace: 
  Error: https://registry.yarnpkg.com/webpack/-/webpack-5.36.2.tgz: ESOCKETTIMEDOUT
      at ClientRequest.<anonymous> (C:\Users\ganes\AppData\Roaming\npm\node_modules\yarn\lib\cli.js:141289:19)
      at Object.onceWrapper (node:events:471:28)
      at ClientRequest.emit (node:events:365:28)
      at TLSSocket.emitRequestTimeout (node:_http_client:761:9)
      at Object.onceWrapper (node:events:471:28)
      at TLSSocket.emit (node:events:377:35)
      at TLSSocket.Socket._onTimeout (node:net:475:8)
      at listOnTimeout (node:internal/timers:557:17)
      at processTimers (node:internal/timers:500:7)

npm manifest: 
  {
    "name": "primeng",
    "version": "12.0.0-rc.2-SNAPSHOT",
    "license": "MIT",
    "scripts": {
      "ng": "ng",
      "postinstall": "ngcc --properties es2015 browser module main --first-only --create-ivy-entry-points",
      "start": "ng serve",
      "build": "ng build",
      "test": "ng test",
      "lint": "ng lint",
      "e2e": "ng e2e",
      "build-lib": "ng build primeng-library && gulp build-assets"
    },
    "repository": {
      "type": "git",
      "url": "https://github.com/primefaces/primeng.git"
    },
    "devDependencies": {
      "@angular-devkit/build-angular": "~12.0.0",
      "@angular/animations": "~12.0.0",
      "@angular/cdk": "~12.0.0",
      "@angular/cli": "~12.0.0",
      "@angular/common": "~12.0.0",
      "@angular/compiler": "~12.0.0",
      "@angular/compiler-cli": "~12.0.0",
      "@angular/core": "~12.0.0",
      "@angular/forms": "~12.0.0",
      "@angular/platform-browser": "~12.0.0",
      "@angular/platform-browser-dynamic": "~12.0.0",
      "@angular/router": "~12.0.0",
      "@fullcalendar/core": "4.1.0",
      "@fullcalendar/daygrid": "4.1.0",
      "@fullcalendar/interaction": "4.1.0",
      "@fullcalendar/timegrid": "4.1.0",
      "@types/jasmine": "~3.6.0",
      "@types/node": "^12.11.1",
      "chart.js": "2.7.3",
      "codelyzer": "^6.0.0",
      "del": "^2.2.0",
      "file-saver": "^2.0.2",
      "gulp": "^3.9.1",
      "gulp-concat": "^2.6.0",
      "gulp-flatten": "^0.2.0",
      "gulp-rename": "^1.2.2",
      "gulp-uglify": "^1.5.3",
      "gulp-uglifycss": "^1.0.6",
      "jasmine-spec-reporter": "~5.0.0",
      "jspdf": "^1.5.3",
      "jspdf-autotable": "^3.2.5",
      "jasmine-core": "~3.7.0",
      "karma": "~6.3.0",
      "karma-chrome-launcher": "~3.1.0",
      "karma-coverage": "~2.0.3",
      "karma-jasmine": "~4.0.0",
      "karma-jasmine-html-reporter": "^1.5.0",
      "ng-packagr": "~12.0.0",
      "primeflex": "2.0.0",
      "primeicons": "4.1.0",
      "prismjs": "1.20.0",
      "quill": "1.3.7",
      "rxjs": "~6.6.0",
      "tslib": "^2.0.0",
      "ts-node": "~8.3.0",
      "tslint": "~6.1.0",
      "typescript": "~4.2.3",
      "web-animations-js": "^2.3.2",
      "xlsx": "^0.15.1",
      "zone.js": "~0.11.4"
    }
  }

yarn manifest: 
  No manifest

Lockfile: 
  No lockfile
